Build started 11.11.2015 13:09:24.
     1>Project "G:\Documents\Project\Battle_ship\Battle_ship\Battle_ship.vcxproj" on node 2 (Build target(s)).
     1>ClCompile:
         C:\Program Files (x86)\Microsoft Visual Studio 14.0\VC\bin\CL.exe /c /I"G:\Documents\libraries\SFML-2.3.2\include" /ZI /nologo /W3 /WX- /sdl /Od /Oy- /D SFML_STATIC /D _MBCS /D _MBCS /Gm /EHsc /RTC1 /MDd /GS /fp:precise /Zc:wchar_t /Zc:forScope /Zc:inline /Fo"Debug\\" /Fd"Debug\vc140.pdb" /Gd /TP /analyze- /errorReport:prompt Source.cpp
         Source.cpp
       Link:
         C:\Program Files (x86)\Microsoft Visual Studio 14.0\VC\bin\link.exe /ERRORREPORT:PROMPT /OUT:"G:\Documents\Project\Battle_ship\Debug\Battle_ship.exe" /INCREMENTAL /NOLOGO /LIBPATH:"G:\Documents\libraries\SFML-2.3.2\lib" "sfml-graphics-s-d.lib" "sfml-window-s-d.lib" "sfml-system-s-d.lib" opengl32.lib winmm.lib gdi32.lib "sfml-window-s.lib" "sfml-system-s.lib" freetype.lib jpeg.lib openal32.lib flac.lib vorbisenc.lib vorbisfile.lib vorbis.lib ogg.lib ws2_32.lib kernel32.lib user32.lib gdi32.lib winspool.lib comdlg32.lib advapi32.lib shell32.lib ole32.lib oleaut32.lib uuid.lib odbc32.lib odbccp32.lib /MANIFEST /MANIFESTUAC:"level='asInvoker' uiAccess='false'" /manifest:embed /Debug /PDB:"G:\Documents\Project\Battle_ship\Debug\Battle_ship.pdb" /TLBID:1 /DYNAMICBASE /NXCOMPAT /IMPLIB:"G:\Documents\Project\Battle_ship\Debug\Battle_ship.lib" /MACHINE:X86 Debug\Source.obj
     1>sfml-window-s-d.lib(Context.cpp.obj) : warning LNK4099: PDB 'vc140.pdb' was not found with 'sfml-window-s-d.lib(Context.cpp.obj)' or at 'G:\Documents\Project\Battle_ship\Debug\vc140.pdb'; linking object as if no debug info
     1>sfml-window-s-d.lib(GlContext.cpp.obj) : warning LNK4099: PDB 'vc140.pdb' was not found with 'sfml-window-s-d.lib(GlContext.cpp.obj)' or at 'G:\Documents\Project\Battle_ship\Debug\vc140.pdb'; linking object as if no debug info
     1>sfml-window-s-d.lib(GlResource.cpp.obj) : warning LNK4099: PDB 'vc140.pdb' was not found with 'sfml-window-s-d.lib(GlResource.cpp.obj)' or at 'G:\Documents\Project\Battle_ship\Debug\vc140.pdb'; linking object as if no debug info
     1>sfml-window-s-d.lib(Joystick.cpp.obj) : warning LNK4099: PDB 'vc140.pdb' was not found with 'sfml-window-s-d.lib(Joystick.cpp.obj)' or at 'G:\Documents\Project\Battle_ship\Debug\vc140.pdb'; linking object as if no debug info
     1>sfml-window-s-d.lib(JoystickManager.cpp.obj) : warning LNK4099: PDB 'vc140.pdb' was not found with 'sfml-window-s-d.lib(JoystickManager.cpp.obj)' or at 'G:\Documents\Project\Battle_ship\Debug\vc140.pdb'; linking object as if no debug info
     1>sfml-window-s-d.lib(SensorManager.cpp.obj) : warning LNK4099: PDB 'vc140.pdb' was not found with 'sfml-window-s-d.lib(SensorManager.cpp.obj)' or at 'G:\Documents\Project\Battle_ship\Debug\vc140.pdb'; linking object as if no debug info
     1>sfml-window-s-d.lib(VideoMode.cpp.obj) : warning LNK4099: PDB 'vc140.pdb' was not found with 'sfml-window-s-d.lib(VideoMode.cpp.obj)' or at 'G:\Documents\Project\Battle_ship\Debug\vc140.pdb'; linking object as if no debug info
     1>sfml-window-s-d.lib(Window.cpp.obj) : warning LNK4099: PDB 'vc140.pdb' was not found with 'sfml-window-s-d.lib(Window.cpp.obj)' or at 'G:\Documents\Project\Battle_ship\Debug\vc140.pdb'; linking object as if no debug info
     1>sfml-window-s-d.lib(WindowImpl.cpp.obj) : warning LNK4099: PDB 'vc140.pdb' was not found with 'sfml-window-s-d.lib(WindowImpl.cpp.obj)' or at 'G:\Documents\Project\Battle_ship\Debug\vc140.pdb'; linking object as if no debug info
     1>sfml-window-s-d.lib(WglContext.cpp.obj) : warning LNK4099: PDB 'vc140.pdb' was not found with 'sfml-window-s-d.lib(WglContext.cpp.obj)' or at 'G:\Documents\Project\Battle_ship\Debug\vc140.pdb'; linking object as if no debug info
     1>sfml-window-s-d.lib(WglExtensions.cpp.obj) : warning LNK4099: PDB 'vc140.pdb' was not found with 'sfml-window-s-d.lib(WglExtensions.cpp.obj)' or at 'G:\Documents\Project\Battle_ship\Debug\vc140.pdb'; linking object as if no debug info
     1>sfml-window-s-d.lib(JoystickImpl.cpp.obj) : warning LNK4099: PDB 'vc140.pdb' was not found with 'sfml-window-s-d.lib(JoystickImpl.cpp.obj)' or at 'G:\Documents\Project\Battle_ship\Debug\vc140.pdb'; linking object as if no debug info
     1>sfml-window-s-d.lib(SensorImpl.cpp.obj) : warning LNK4099: PDB 'vc140.pdb' was not found with 'sfml-window-s-d.lib(SensorImpl.cpp.obj)' or at 'G:\Documents\Project\Battle_ship\Debug\vc140.pdb'; linking object as if no debug info
     1>sfml-window-s-d.lib(VideoModeImpl.cpp.obj) : warning LNK4099: PDB 'vc140.pdb' was not found with 'sfml-window-s-d.lib(VideoModeImpl.cpp.obj)' or at 'G:\Documents\Project\Battle_ship\Debug\vc140.pdb'; linking object as if no debug info
     1>sfml-window-s-d.lib(WindowImplWin32.cpp.obj) : warning LNK4099: PDB 'vc140.pdb' was not found with 'sfml-window-s-d.lib(WindowImplWin32.cpp.obj)' or at 'G:\Documents\Project\Battle_ship\Debug\vc140.pdb'; linking object as if no debug info
     1>sfml-system-s-d.lib(Clock.cpp.obj) : warning LNK4099: PDB 'vc140.pdb' was not found with 'sfml-system-s-d.lib(Clock.cpp.obj)' or at 'G:\Documents\Project\Battle_ship\Debug\vc140.pdb'; linking object as if no debug info
     1>sfml-system-s-d.lib(Err.cpp.obj) : warning LNK4099: PDB 'vc140.pdb' was not found with 'sfml-system-s-d.lib(Err.cpp.obj)' or at 'G:\Documents\Project\Battle_ship\Debug\vc140.pdb'; linking object as if no debug info
     1>sfml-system-s-d.lib(Lock.cpp.obj) : warning LNK4099: PDB 'vc140.pdb' was not found with 'sfml-system-s-d.lib(Lock.cpp.obj)' or at 'G:\Documents\Project\Battle_ship\Debug\vc140.pdb'; linking object as if no debug info
     1>sfml-system-s-d.lib(Mutex.cpp.obj) : warning LNK4099: PDB 'vc140.pdb' was not found with 'sfml-system-s-d.lib(Mutex.cpp.obj)' or at 'G:\Documents\Project\Battle_ship\Debug\vc140.pdb'; linking object as if no debug info
     1>sfml-system-s-d.lib(Sleep.cpp.obj) : warning LNK4099: PDB 'vc140.pdb' was not found with 'sfml-system-s-d.lib(Sleep.cpp.obj)' or at 'G:\Documents\Project\Battle_ship\Debug\vc140.pdb'; linking object as if no debug info
     1>sfml-system-s-d.lib(String.cpp.obj) : warning LNK4099: PDB 'vc140.pdb' was not found with 'sfml-system-s-d.lib(String.cpp.obj)' or at 'G:\Documents\Project\Battle_ship\Debug\vc140.pdb'; linking object as if no debug info
     1>sfml-system-s-d.lib(ThreadLocal.cpp.obj) : warning LNK4099: PDB 'vc140.pdb' was not found with 'sfml-system-s-d.lib(ThreadLocal.cpp.obj)' or at 'G:\Documents\Project\Battle_ship\Debug\vc140.pdb'; linking object as if no debug info
     1>sfml-system-s-d.lib(Time.cpp.obj) : warning LNK4099: PDB 'vc140.pdb' was not found with 'sfml-system-s-d.lib(Time.cpp.obj)' or at 'G:\Documents\Project\Battle_ship\Debug\vc140.pdb'; linking object as if no debug info
     1>sfml-system-s-d.lib(ClockImpl.cpp.obj) : warning LNK4099: PDB 'vc140.pdb' was not found with 'sfml-system-s-d.lib(ClockImpl.cpp.obj)' or at 'G:\Documents\Project\Battle_ship\Debug\vc140.pdb'; linking object as if no debug info
     1>sfml-system-s-d.lib(MutexImpl.cpp.obj) : warning LNK4099: PDB 'vc140.pdb' was not found with 'sfml-system-s-d.lib(MutexImpl.cpp.obj)' or at 'G:\Documents\Project\Battle_ship\Debug\vc140.pdb'; linking object as if no debug info
     1>sfml-system-s-d.lib(SleepImpl.cpp.obj) : warning LNK4099: PDB 'vc140.pdb' was not found with 'sfml-system-s-d.lib(SleepImpl.cpp.obj)' or at 'G:\Documents\Project\Battle_ship\Debug\vc140.pdb'; linking object as if no debug info
     1>sfml-system-s-d.lib(ThreadLocalImpl.cpp.obj) : warning LNK4099: PDB 'vc140.pdb' was not found with 'sfml-system-s-d.lib(ThreadLocalImpl.cpp.obj)' or at 'G:\Documents\Project\Battle_ship\Debug\vc140.pdb'; linking object as if no debug info
         Battle_ship.vcxproj -> G:\Documents\Project\Battle_ship\Debug\Battle_ship.exe
     1>Done Building Project "G:\Documents\Project\Battle_ship\Battle_ship\Battle_ship.vcxproj" (Build target(s)).

Build succeeded.

Time Elapsed 00:00:01.68
