Build started 11.11.2015 12:14:40.
     1>Project "G:\Documents\Project\Battle_ship\Battle_ship\Battle_ship.vcxproj" on node 2 (Build target(s)).
     1>Link:
         C:\Program Files (x86)\Microsoft Visual Studio 14.0\VC\bin\link.exe /ERRORREPORT:PROMPT /OUT:"G:\Documents\Project\Battle_ship\Release\Battle_ship.exe" /NOLOGO /LIBPATH:"G:\Documents\libraries\SFML-2.3.2\lib" "sfml-graphics-s-d.lib" "sfml-window-s-d.lib" "sfml-system-s-d.lib" opengl32.lib winmm.lib gdi32.lib "sfml-window-s.lib" "sfml-system-s.lib" freetype.lib jpeg.lib openal32.lib flac.lib vorbisenc.lib vorbisfile.lib vorbis.lib ogg.lib ws2_32.lib kernel32.lib user32.lib gdi32.lib winspool.lib comdlg32.lib advapi32.lib shell32.lib ole32.lib oleaut32.lib uuid.lib odbc32.lib odbccp32.lib /MANIFEST /MANIFESTUAC:"level='asInvoker' uiAccess='false'" /manifest:embed /Debug /PDB:"G:\Documents\Project\Battle_ship\Release\Battle_ship.pdb" /OPT:REF /OPT:ICF /LTCG:incremental /TLBID:1 /DYNAMICBASE /NXCOMPAT /IMPLIB:"G:\Documents\Project\Battle_ship\Release\Battle_ship.lib" /MACHINE:X86 /SAFESEH Release\Source.obj
     1>sfml-graphics-s-d.lib(RenderStates.cpp.obj) : error LNK2038: mismatch detected for '_ITERATOR_DEBUG_LEVEL': value '2' doesn't match value '0' in Source.obj
     1>sfml-graphics-s-d.lib(RenderStates.cpp.obj) : error LNK2038: mismatch detected for 'RuntimeLibrary': value 'MDd_DynamicDebug' doesn't match value 'MD_DynamicRelease' in Source.obj
     1>sfml-graphics-s-d.lib(CircleShape.cpp.obj) : error LNK2038: mismatch detected for '_ITERATOR_DEBUG_LEVEL': value '2' doesn't match value '0' in Source.obj
     1>sfml-graphics-s-d.lib(CircleShape.cpp.obj) : error LNK2038: mismatch detected for 'RuntimeLibrary': value 'MDd_DynamicDebug' doesn't match value 'MD_DynamicRelease' in Source.obj
     1>sfml-graphics-s-d.lib(RenderWindow.cpp.obj) : error LNK2038: mismatch detected for '_ITERATOR_DEBUG_LEVEL': value '2' doesn't match value '0' in Source.obj
     1>sfml-graphics-s-d.lib(RenderWindow.cpp.obj) : error LNK2038: mismatch detected for 'RuntimeLibrary': value 'MDd_DynamicDebug' doesn't match value 'MD_DynamicRelease' in Source.obj
     1>sfml-graphics-s-d.lib(Color.cpp.obj) : error LNK2038: mismatch detected for '_ITERATOR_DEBUG_LEVEL': value '2' doesn't match value '0' in Source.obj
     1>sfml-graphics-s-d.lib(Color.cpp.obj) : error LNK2038: mismatch detected for 'RuntimeLibrary': value 'MDd_DynamicDebug' doesn't match value 'MD_DynamicRelease' in Source.obj
     1>sfml-graphics-s-d.lib(RenderTarget.cpp.obj) : error LNK2038: mismatch detected for '_ITERATOR_DEBUG_LEVEL': value '2' doesn't match value '0' in Source.obj
     1>sfml-graphics-s-d.lib(RenderTarget.cpp.obj) : error LNK2038: mismatch detected for 'RuntimeLibrary': value 'MDd_DynamicDebug' doesn't match value 'MD_DynamicRelease' in Source.obj
     1>sfml-graphics-s-d.lib(Shape.cpp.obj) : error LNK2038: mismatch detected for '_ITERATOR_DEBUG_LEVEL': value '2' doesn't match value '0' in Source.obj
     1>sfml-graphics-s-d.lib(Shape.cpp.obj) : error LNK2038: mismatch detected for 'RuntimeLibrary': value 'MDd_DynamicDebug' doesn't match value 'MD_DynamicRelease' in Source.obj
     1>sfml-graphics-s-d.lib(Transform.cpp.obj) : error LNK2038: mismatch detected for '_ITERATOR_DEBUG_LEVEL': value '2' doesn't match value '0' in Source.obj
     1>sfml-graphics-s-d.lib(Transform.cpp.obj) : error LNK2038: mismatch detected for 'RuntimeLibrary': value 'MDd_DynamicDebug' doesn't match value 'MD_DynamicRelease' in Source.obj
     1>sfml-graphics-s-d.lib(Image.cpp.obj) : error LNK2038: mismatch detected for '_ITERATOR_DEBUG_LEVEL': value '2' doesn't match value '0' in Source.obj
     1>sfml-graphics-s-d.lib(Image.cpp.obj) : error LNK2038: mismatch detected for 'RuntimeLibrary': value 'MDd_DynamicDebug' doesn't match value 'MD_DynamicRelease' in Source.obj
     1>sfml-graphics-s-d.lib(GLCheck.cpp.obj) : error LNK2038: mismatch detected for '_ITERATOR_DEBUG_LEVEL': value '2' doesn't match value '0' in Source.obj
     1>sfml-graphics-s-d.lib(GLCheck.cpp.obj) : error LNK2038: mismatch detected for 'RuntimeLibrary': value 'MDd_DynamicDebug' doesn't match value 'MD_DynamicRelease' in Source.obj
     1>sfml-graphics-s-d.lib(View.cpp.obj) : error LNK2038: mismatch detected for '_ITERATOR_DEBUG_LEVEL': value '2' doesn't match value '0' in Source.obj
     1>sfml-graphics-s-d.lib(View.cpp.obj) : error LNK2038: mismatch detected for 'RuntimeLibrary': value 'MDd_DynamicDebug' doesn't match value 'MD_DynamicRelease' in Source.obj
     1>sfml-graphics-s-d.lib(Shader.cpp.obj) : error LNK2038: mismatch detected for '_ITERATOR_DEBUG_LEVEL': value '2' doesn't match value '0' in Source.obj
     1>sfml-graphics-s-d.lib(Shader.cpp.obj) : error LNK2038: mismatch detected for 'RuntimeLibrary': value 'MDd_DynamicDebug' doesn't match value 'MD_DynamicRelease' in Source.obj
     1>sfml-graphics-s-d.lib(Texture.cpp.obj) : error LNK2038: mismatch detected for '_ITERATOR_DEBUG_LEVEL': value '2' doesn't match value '0' in Source.obj
     1>sfml-graphics-s-d.lib(Texture.cpp.obj) : error LNK2038: mismatch detected for 'RuntimeLibrary': value 'MDd_DynamicDebug' doesn't match value 'MD_DynamicRelease' in Source.obj
     1>sfml-graphics-s-d.lib(GLExtensions.cpp.obj) : error LNK2038: mismatch detected for '_ITERATOR_DEBUG_LEVEL': value '2' doesn't match value '0' in Source.obj
     1>sfml-graphics-s-d.lib(GLExtensions.cpp.obj) : error LNK2038: mismatch detected for 'RuntimeLibrary': value 'MDd_DynamicDebug' doesn't match value 'MD_DynamicRelease' in Source.obj
     1>sfml-graphics-s-d.lib(GLLoader.cpp.obj) : error LNK2038: mismatch detected for '_ITERATOR_DEBUG_LEVEL': value '2' doesn't match value '0' in Source.obj
     1>sfml-graphics-s-d.lib(GLLoader.cpp.obj) : error LNK2038: mismatch detected for 'RuntimeLibrary': value 'MDd_DynamicDebug' doesn't match value 'MD_DynamicRelease' in Source.obj
     1>sfml-graphics-s-d.lib(Transformable.cpp.obj) : error LNK2038: mismatch detected for '_ITERATOR_DEBUG_LEVEL': value '2' doesn't match value '0' in Source.obj
     1>sfml-graphics-s-d.lib(Transformable.cpp.obj) : error LNK2038: mismatch detected for 'RuntimeLibrary': value 'MDd_DynamicDebug' doesn't match value 'MD_DynamicRelease' in Source.obj
     1>sfml-graphics-s-d.lib(VertexArray.cpp.obj) : error LNK2038: mismatch detected for '_ITERATOR_DEBUG_LEVEL': value '2' doesn't match value '0' in Source.obj
     1>sfml-graphics-s-d.lib(VertexArray.cpp.obj) : error LNK2038: mismatch detected for 'RuntimeLibrary': value 'MDd_DynamicDebug' doesn't match value 'MD_DynamicRelease' in Source.obj
     1>sfml-graphics-s-d.lib(ImageLoader.cpp.obj) : error LNK2038: mismatch detected for '_ITERATOR_DEBUG_LEVEL': value '2' doesn't match value '0' in Source.obj
     1>sfml-graphics-s-d.lib(ImageLoader.cpp.obj) : error LNK2038: mismatch detected for 'RuntimeLibrary': value 'MDd_DynamicDebug' doesn't match value 'MD_DynamicRelease' in Source.obj
     1>sfml-window-s-d.lib(Window.cpp.obj) : error LNK2038: mismatch detected for '_ITERATOR_DEBUG_LEVEL': value '2' doesn't match value '0' in Source.obj
     1>sfml-window-s-d.lib(Window.cpp.obj) : error LNK2038: mismatch detected for 'RuntimeLibrary': value 'MDd_DynamicDebug' doesn't match value 'MD_DynamicRelease' in Source.obj
     1>sfml-window-s-d.lib(VideoMode.cpp.obj) : error LNK2038: mismatch detected for '_ITERATOR_DEBUG_LEVEL': value '2' doesn't match value '0' in Source.obj
     1>sfml-window-s-d.lib(VideoMode.cpp.obj) : error LNK2038: mismatch detected for 'RuntimeLibrary': value 'MDd_DynamicDebug' doesn't match value 'MD_DynamicRelease' in Source.obj
     1>sfml-window-s-d.lib(GlContext.cpp.obj) : error LNK2038: mismatch detected for '_ITERATOR_DEBUG_LEVEL': value '2' doesn't match value '0' in Source.obj
     1>sfml-window-s-d.lib(GlContext.cpp.obj) : error LNK2038: mismatch detected for 'RuntimeLibrary': value 'MDd_DynamicDebug' doesn't match value 'MD_DynamicRelease' in Source.obj
     1>sfml-window-s-d.lib(WindowImpl.cpp.obj) : error LNK2038: mismatch detected for '_ITERATOR_DEBUG_LEVEL': value '2' doesn't match value '0' in Source.obj
     1>sfml-window-s-d.lib(WindowImpl.cpp.obj) : error LNK2038: mismatch detected for 'RuntimeLibrary': value 'MDd_DynamicDebug' doesn't match value 'MD_DynamicRelease' in Source.obj
     1>sfml-window-s-d.lib(VideoModeImpl.cpp.obj) : error LNK2038: mismatch detected for '_ITERATOR_DEBUG_LEVEL': value '2' doesn't match value '0' in Source.obj
     1>sfml-window-s-d.lib(VideoModeImpl.cpp.obj) : error LNK2038: mismatch detected for 'RuntimeLibrary': value 'MDd_DynamicDebug' doesn't match value 'MD_DynamicRelease' in Source.obj
     1>sfml-window-s-d.lib(WglContext.cpp.obj) : error LNK2038: mismatch detected for '_ITERATOR_DEBUG_LEVEL': value '2' doesn't match value '0' in Source.obj
     1>sfml-window-s-d.lib(WglContext.cpp.obj) : error LNK2038: mismatch detected for 'RuntimeLibrary': value 'MDd_DynamicDebug' doesn't match value 'MD_DynamicRelease' in Source.obj
     1>sfml-window-s-d.lib(JoystickManager.cpp.obj) : error LNK2038: mismatch detected for '_ITERATOR_DEBUG_LEVEL': value '2' doesn't match value '0' in Source.obj
     1>sfml-window-s-d.lib(JoystickManager.cpp.obj) : error LNK2038: mismatch detected for 'RuntimeLibrary': value 'MDd_DynamicDebug' doesn't match value 'MD_DynamicRelease' in Source.obj
     1>sfml-window-s-d.lib(SensorManager.cpp.obj) : error LNK2038: mismatch detected for '_ITERATOR_DEBUG_LEVEL': value '2' doesn't match value '0' in Source.obj
     1>sfml-window-s-d.lib(SensorManager.cpp.obj) : error LNK2038: mismatch detected for 'RuntimeLibrary': value 'MDd_DynamicDebug' doesn't match value 'MD_DynamicRelease' in Source.obj
     1>sfml-window-s-d.lib(WindowImplWin32.cpp.obj) : error LNK2038: mismatch detected for '_ITERATOR_DEBUG_LEVEL': value '2' doesn't match value '0' in Source.obj
     1>sfml-window-s-d.lib(WindowImplWin32.cpp.obj) : error LNK2038: mismatch detected for 'RuntimeLibrary': value 'MDd_DynamicDebug' doesn't match value 'MD_DynamicRelease' in Source.obj
     1>sfml-window-s-d.lib(WglExtensions.cpp.obj) : error LNK2038: mismatch detected for '_ITERATOR_DEBUG_LEVEL': value '2' doesn't match value '0' in Source.obj
     1>sfml-window-s-d.lib(WglExtensions.cpp.obj) : error LNK2038: mismatch detected for 'RuntimeLibrary': value 'MDd_DynamicDebug' doesn't match value 'MD_DynamicRelease' in Source.obj
     1>sfml-window-s-d.lib(Joystick.cpp.obj) : error LNK2038: mismatch detected for '_ITERATOR_DEBUG_LEVEL': value '2' doesn't match value '0' in Source.obj
     1>sfml-window-s-d.lib(Joystick.cpp.obj) : error LNK2038: mismatch detected for 'RuntimeLibrary': value 'MDd_DynamicDebug' doesn't match value 'MD_DynamicRelease' in Source.obj
     1>sfml-window-s-d.lib(JoystickImpl.cpp.obj) : error LNK2038: mismatch detected for '_ITERATOR_DEBUG_LEVEL': value '2' doesn't match value '0' in Source.obj
     1>sfml-window-s-d.lib(JoystickImpl.cpp.obj) : error LNK2038: mismatch detected for 'RuntimeLibrary': value 'MDd_DynamicDebug' doesn't match value 'MD_DynamicRelease' in Source.obj
     1>sfml-system-s-d.lib(String.cpp.obj) : error LNK2038: mismatch detected for '_ITERATOR_DEBUG_LEVEL': value '2' doesn't match value '0' in Source.obj
     1>sfml-system-s-d.lib(String.cpp.obj) : error LNK2038: mismatch detected for 'RuntimeLibrary': value 'MDd_DynamicDebug' doesn't match value 'MD_DynamicRelease' in Source.obj
     1>sfml-system-s-d.lib(Err.cpp.obj) : error LNK2038: mismatch detected for '_ITERATOR_DEBUG_LEVEL': value '2' doesn't match value '0' in Source.obj
     1>sfml-system-s-d.lib(Err.cpp.obj) : error LNK2038: mismatch detected for 'RuntimeLibrary': value 'MDd_DynamicDebug' doesn't match value 'MD_DynamicRelease' in Source.obj
     1>sfml-system-s-d.lib(ThreadLocal.cpp.obj) : error LNK2038: mismatch detected for '_ITERATOR_DEBUG_LEVEL': value '2' doesn't match value '0' in Source.obj
     1>sfml-system-s-d.lib(ThreadLocal.cpp.obj) : error LNK2038: mismatch detected for 'RuntimeLibrary': value 'MDd_DynamicDebug' doesn't match value 'MD_DynamicRelease' in Source.obj
     1>LINK : warning LNK4098: defaultlib 'MSVCRTD' conflicts with use of other libs; use /NODEFAULTLIB:library
     1>sfml-window-s-d.lib(JoystickImpl.cpp.obj) : error LNK2001: unresolved external symbol __imp___invalid_parameter
     1>sfml-system-s-d.lib(String.cpp.obj) : error LNK2001: unresolved external symbol __imp___invalid_parameter
     1>sfml-window-s-d.lib(VideoModeImpl.cpp.obj) : error LNK2001: unresolved external symbol __imp___invalid_parameter
     1>sfml-window-s-d.lib(WglContext.cpp.obj) : error LNK2001: unresolved external symbol __imp___invalid_parameter
     1>sfml-window-s-d.lib(JoystickManager.cpp.obj) : error LNK2001: unresolved external symbol __imp___invalid_parameter
     1>sfml-window-s-d.lib(WindowImplWin32.cpp.obj) : error LNK2001: unresolved external symbol __imp___invalid_parameter
     1>sfml-window-s-d.lib(Window.cpp.obj) : error LNK2001: unresolved external symbol __imp___invalid_parameter
     1>sfml-window-s-d.lib(VideoMode.cpp.obj) : error LNK2001: unresolved external symbol __imp___invalid_parameter
     1>sfml-window-s-d.lib(GlContext.cpp.obj) : error LNK2001: unresolved external symbol __imp___invalid_parameter
     1>sfml-window-s-d.lib(WindowImpl.cpp.obj) : error LNK2001: unresolved external symbol __imp___invalid_parameter
     1>sfml-graphics-s-d.lib(Shader.cpp.obj) : error LNK2001: unresolved external symbol __imp___invalid_parameter
     1>sfml-graphics-s-d.lib(Texture.cpp.obj) : error LNK2001: unresolved external symbol __imp___invalid_parameter
     1>sfml-graphics-s-d.lib(VertexArray.cpp.obj) : error LNK2001: unresolved external symbol __imp___invalid_parameter
     1>sfml-graphics-s-d.lib(ImageLoader.cpp.obj) : error LNK2001: unresolved external symbol __imp___invalid_parameter
     1>sfml-graphics-s-d.lib(RenderWindow.cpp.obj) : error LNK2001: unresolved external symbol __imp___invalid_parameter
     1>sfml-graphics-s-d.lib(Shape.cpp.obj) : error LNK2001: unresolved external symbol __imp___invalid_parameter
     1>sfml-graphics-s-d.lib(Image.cpp.obj) : error LNK2001: unresolved external symbol __imp___invalid_parameter
     1>sfml-graphics-s-d.lib(GLCheck.cpp.obj) : error LNK2001: unresolved external symbol __imp___invalid_parameter
     1>sfml-window-s-d.lib(JoystickImpl.cpp.obj) : error LNK2001: unresolved external symbol __imp___CrtDbgReportW
     1>sfml-system-s-d.lib(String.cpp.obj) : error LNK2001: unresolved external symbol __imp___CrtDbgReportW
     1>sfml-window-s-d.lib(VideoModeImpl.cpp.obj) : error LNK2001: unresolved external symbol __imp___CrtDbgReportW
     1>sfml-window-s-d.lib(WglContext.cpp.obj) : error LNK2001: unresolved external symbol __imp___CrtDbgReportW
     1>sfml-window-s-d.lib(JoystickManager.cpp.obj) : error LNK2001: unresolved external symbol __imp___CrtDbgReportW
     1>sfml-window-s-d.lib(WindowImplWin32.cpp.obj) : error LNK2001: unresolved external symbol __imp___CrtDbgReportW
     1>sfml-window-s-d.lib(Window.cpp.obj) : error LNK2001: unresolved external symbol __imp___CrtDbgReportW
     1>sfml-window-s-d.lib(VideoMode.cpp.obj) : error LNK2001: unresolved external symbol __imp___CrtDbgReportW
     1>sfml-window-s-d.lib(GlContext.cpp.obj) : error LNK2001: unresolved external symbol __imp___CrtDbgReportW
     1>sfml-window-s-d.lib(WindowImpl.cpp.obj) : error LNK2001: unresolved external symbol __imp___CrtDbgReportW
     1>sfml-graphics-s-d.lib(Shader.cpp.obj) : error LNK2001: unresolved external symbol __imp___CrtDbgReportW
     1>sfml-graphics-s-d.lib(Texture.cpp.obj) : error LNK2001: unresolved external symbol __imp___CrtDbgReportW
     1>sfml-graphics-s-d.lib(VertexArray.cpp.obj) : error LNK2001: unresolved external symbol __imp___CrtDbgReportW
     1>sfml-graphics-s-d.lib(ImageLoader.cpp.obj) : error LNK2001: unresolved external symbol __imp___CrtDbgReportW
     1>sfml-graphics-s-d.lib(RenderWindow.cpp.obj) : error LNK2001: unresolved external symbol __imp___CrtDbgReportW
     1>sfml-graphics-s-d.lib(Shape.cpp.obj) : error LNK2001: unresolved external symbol __imp___CrtDbgReportW
     1>sfml-graphics-s-d.lib(Image.cpp.obj) : error LNK2001: unresolved external symbol __imp___CrtDbgReportW
     1>sfml-graphics-s-d.lib(GLCheck.cpp.obj) : error LNK2001: unresolved external symbol __imp___CrtDbgReportW
     1>G:\Documents\Project\Battle_ship\Release\Battle_ship.exe : fatal error LNK1120: 2 unresolved externals
     1>Done Building Project "G:\Documents\Project\Battle_ship\Battle_ship\Battle_ship.vcxproj" (Build target(s)) -- FAILED.

Build FAILED.

Time Elapsed 00:00:01.42
